[debug] [2023-01-16T12:56:19.868Z] ----------------------------------------------------------------------
[debug] [2023-01-16T12:56:19.869Z] Command:       C:\Program Files\nodejs\node.exe C:\Users\ulgen\AppData\Roaming\npm\node_modules\firebase-tools\lib\bin\firebase.js serve --only hosting
[debug] [2023-01-16T12:56:19.869Z] CLI Version:   11.20.0
[debug] [2023-01-16T12:56:19.870Z] Platform:      win32
[debug] [2023-01-16T12:56:19.870Z] Node Version:  v19.3.0
[debug] [2023-01-16T12:56:19.870Z] Time:          Mon Jan 16 2023 13:56:19 GMT+0100 (GMT+01:00)
[debug] [2023-01-16T12:56:19.870Z] ----------------------------------------------------------------------
[debug] 
[debug] [2023-01-16T12:56:19.940Z] > command requires scopes: ["email","openid","https://www.googleapis.com/auth/cloudplatformprojects.readonly","https://www.googleapis.com/auth/firebase","https://www.googleapis.com/auth/cloud-platform"]
[debug] [2023-01-16T12:56:19.940Z] > authorizing via signed-in user (ulgenmf@gmail.com)
[debug] [2023-01-16T12:56:19.940Z] [iam] checking project my-project-475d0 for permissions ["firebase.projects.get"]
[debug] [2023-01-16T12:56:19.942Z] >>> [apiv2][query] POST https://cloudresourcemanager.googleapis.com/v1/projects/my-project-475d0:testIamPermissions [none]
[debug] [2023-01-16T12:56:19.942Z] >>> [apiv2][(partial)header] POST https://cloudresourcemanager.googleapis.com/v1/projects/my-project-475d0:testIamPermissions x-goog-quota-user=projects/my-project-475d0
[debug] [2023-01-16T12:56:19.942Z] >>> [apiv2][body] POST https://cloudresourcemanager.googleapis.com/v1/projects/my-project-475d0:testIamPermissions {"permissions":["firebase.projects.get"]}
[debug] [2023-01-16T12:56:20.682Z] <<< [apiv2][status] POST https://cloudresourcemanager.googleapis.com/v1/projects/my-project-475d0:testIamPermissions 200
[debug] [2023-01-16T12:56:20.682Z] <<< [apiv2][body] POST https://cloudresourcemanager.googleapis.com/v1/projects/my-project-475d0:testIamPermissions {"permissions":["firebase.projects.get"]}
[debug] [2023-01-16T12:56:20.683Z] >>> [apiv2][query] GET https://firebase.googleapis.com/v1beta1/projects/my-project-475d0 [none]
[debug] [2023-01-16T12:56:20.963Z] <<< [apiv2][status] GET https://firebase.googleapis.com/v1beta1/projects/my-project-475d0 200
[debug] [2023-01-16T12:56:20.963Z] <<< [apiv2][body] GET https://firebase.googleapis.com/v1beta1/projects/my-project-475d0 {"projectId":"my-project-475d0","projectNumber":"744541723773","displayName":"my-project","name":"projects/my-project-475d0","resources":{"hostingSite":"my-project-475d0","realtimeDatabaseInstance":"my-project-475d0-default-rtdb","storageBucket":"my-project-475d0.appspot.com","locationId":"europe-west"},"state":"ACTIVE","etag":"1_0b12e25f-c36a-496d-a513-5808edd14d05"}
[debug] [2023-01-16T12:56:20.965Z] >>> [apiv2][query] GET https://firebasehosting.googleapis.com/v1beta1/projects/my-project-475d0/sites 
[debug] [2023-01-16T12:56:21.937Z] <<< [apiv2][status] GET https://firebasehosting.googleapis.com/v1beta1/projects/my-project-475d0/sites 200
[debug] [2023-01-16T12:56:21.937Z] <<< [apiv2][body] GET https://firebasehosting.googleapis.com/v1beta1/projects/my-project-475d0/sites {"sites":[{"name":"projects/my-project-475d0/sites/my-project-475d0","defaultUrl":"https://my-project-475d0.web.app","type":"DEFAULT_SITE"},{"name":"projects/my-project-475d0/sites/playaround","defaultUrl":"https://playaround.web.app","appId":"1:744541723773:web:f7c8195954c8f3d60ee514","type":"USER_SITE"}]}
[debug] [2023-01-16T12:56:21.937Z] >>> [apiv2][query] GET https://firebase.googleapis.com/v1beta1/projects/my-project-475d0/webApps/-/config [none]
[debug] [2023-01-16T12:56:22.669Z] <<< [apiv2][status] GET https://firebase.googleapis.com/v1beta1/projects/my-project-475d0/webApps/-/config 200
[debug] [2023-01-16T12:56:22.670Z] <<< [apiv2][body] GET https://firebase.googleapis.com/v1beta1/projects/my-project-475d0/webApps/-/config {"projectId":"my-project-475d0","appId":"1:744541723773:web:f7c8195954c8f3d60ee514","databaseURL":"https://my-project-475d0-default-rtdb.europe-west1.firebasedatabase.app","storageBucket":"my-project-475d0.appspot.com","locationId":"europe-west","apiKey":"AIzaSyBS8IS7-CRzs3XVLGSpQE3cOoE2NiPR29k","authDomain":"my-project-475d0.firebaseapp.com","messagingSenderId":"744541723773"}
[debug] [2023-01-16T12:56:22.675Z] >>> [apiv2][query] GET https://firebase.googleapis.com/v1beta1/projects/my-project-475d0 [none]
[debug] [2023-01-16T12:56:22.895Z] <<< [apiv2][status] GET https://firebase.googleapis.com/v1beta1/projects/my-project-475d0 200
[debug] [2023-01-16T12:56:22.895Z] <<< [apiv2][body] GET https://firebase.googleapis.com/v1beta1/projects/my-project-475d0 {"projectId":"my-project-475d0","projectNumber":"744541723773","displayName":"my-project","name":"projects/my-project-475d0","resources":{"hostingSite":"my-project-475d0","realtimeDatabaseInstance":"my-project-475d0-default-rtdb","storageBucket":"my-project-475d0.appspot.com","locationId":"europe-west"},"state":"ACTIVE","etag":"1_0b12e25f-c36a-496d-a513-5808edd14d05"}
[info] i  hosting[my-project-475d0]: Serving hosting files from: public {"metadata":{"emulator":{"name":"hosting"},"message":"Serving hosting files from: \u001b[1mpublic\u001b[22m"}}
[info] +  hosting[my-project-475d0]: Local server: http://localhost:5000 {"metadata":{"emulator":{"name":"hosting"},"message":"Local server: \u001b[4m\u001b[1mhttp://localhost:5000\u001b[22m\u001b[24m"}}
